Determining if the pthread_create exist failed with the following output:
Change Dir: /home/ws/ws_rmrobot/build/rm_gazebo/CMakeFiles/CMakeTmp

Run Build Command:"/usr/bin/make" "cmTC_66863/fast"
/usr/bin/make -f CMakeFiles/cmTC_66863.dir/build.make CMakeFiles/cmTC_66863.dir/build
make[1]: Entering directory '/home/ws/ws_rmrobot/build/rm_gazebo/CMakeFiles/CMakeTmp'
Building C object CMakeFiles/cmTC_66863.dir/CheckSymbolExists.c.o
/usr/bin/cc    -o CMakeFiles/cmTC_66863.dir/CheckSymbolExists.c.o   -c /home/ws/ws_rmrobot/build/rm_gazebo/CMakeFiles/CMakeTmp/CheckSymbolExists.c
Linking C executable cmTC_66863
/usr/bin/cmake -E cmake_link_script CMakeFiles/cmTC_66863.dir/link.txt --verbose=1
/usr/bin/cc      -rdynamic CMakeFiles/cmTC_66863.dir/CheckSymbolExists.c.o  -o cmTC_66863 
CMakeFiles/cmTC_66863.dir/CheckSymbolExists.c.o: In function `main':
CheckSymbolExists.c:(.text+0x1b): undefined reference to `pthread_create'
collect2: error: ld returned 1 exit status
CMakeFiles/cmTC_66863.dir/build.make:97: recipe for target 'cmTC_66863' failed
make[1]: *** [cmTC_66863] Error 1
make[1]: Leaving directory '/home/ws/ws_rmrobot/build/rm_gazebo/CMakeFiles/CMakeTmp'
Makefile:126: recipe for target 'cmTC_66863/fast' failed
make: *** [cmTC_66863/fast] Error 2

File /home/ws/ws_rmrobot/build/rm_gazebo/CMakeFiles/CMakeTmp/CheckSymbolExists.c:
/* */
#include <pthread.h>

int main(int argc, char** argv)
{
  (void)argv;
#ifndef pthread_create
  return ((int*)(&pthread_create))[argc];
#else
  (void)argc;
  return 0;
#endif
}

Determining if the function pthread_create exists in the pthreads failed with the following output:
Change Dir: /home/ws/ws_rmrobot/build/rm_gazebo/CMakeFiles/CMakeTmp

Run Build Command:"/usr/bin/make" "cmTC_82969/fast"
/usr/bin/make -f CMakeFiles/cmTC_82969.dir/build.make CMakeFiles/cmTC_82969.dir/build
make[1]: Entering directory '/home/ws/ws_rmrobot/build/rm_gazebo/CMakeFiles/CMakeTmp'
Building C object CMakeFiles/cmTC_82969.dir/CheckFunctionExists.c.o
/usr/bin/cc   -DCHECK_FUNCTION_EXISTS=pthread_create   -o CMakeFiles/cmTC_82969.dir/CheckFunctionExists.c.o   -c /usr/share/cmake-3.10/Modules/CheckFunctionExists.c
Linking C executable cmTC_82969
/usr/bin/cmake -E cmake_link_script CMakeFiles/cmTC_82969.dir/link.txt --verbose=1
/usr/bin/cc  -DCHECK_FUNCTION_EXISTS=pthread_create    -rdynamic CMakeFiles/cmTC_82969.dir/CheckFunctionExists.c.o  -o cmTC_82969 -lpthreads 
/usr/bin/ld: cannot find -lpthreads
collect2: error: ld returned 1 exit status
CMakeFiles/cmTC_82969.dir/build.make:97: recipe for target 'cmTC_82969' failed
make[1]: *** [cmTC_82969] Error 1
make[1]: Leaving directory '/home/ws/ws_rmrobot/build/rm_gazebo/CMakeFiles/CMakeTmp'
Makefile:126: recipe for target 'cmTC_82969/fast' failed
make: *** [cmTC_82969/fast] Error 2


