Determining if the pthread_create exist failed with the following output:
Change Dir: /home/ws/ws_rmrobot/build/rm_65_moveit_config/CMakeFiles/CMakeTmp

Run Build Command:"/usr/bin/make" "cmTC_15813/fast"
/usr/bin/make -f CMakeFiles/cmTC_15813.dir/build.make CMakeFiles/cmTC_15813.dir/build
make[1]: Entering directory '/home/ws/ws_rmrobot/build/rm_65_moveit_config/CMakeFiles/CMakeTmp'
Building C object CMakeFiles/cmTC_15813.dir/CheckSymbolExists.c.o
/usr/bin/cc    -o CMakeFiles/cmTC_15813.dir/CheckSymbolExists.c.o   -c /home/ws/ws_rmrobot/build/rm_65_moveit_config/CMakeFiles/CMakeTmp/CheckSymbolExists.c
Linking C executable cmTC_15813
/usr/bin/cmake -E cmake_link_script CMakeFiles/cmTC_15813.dir/link.txt --verbose=1
/usr/bin/cc      -rdynamic CMakeFiles/cmTC_15813.dir/CheckSymbolExists.c.o  -o cmTC_15813 
CMakeFiles/cmTC_15813.dir/CheckSymbolExists.c.o: In function `main':
CheckSymbolExists.c:(.text+0x1b): undefined reference to `pthread_create'
collect2: error: ld returned 1 exit status
CMakeFiles/cmTC_15813.dir/build.make:97: recipe for target 'cmTC_15813' failed
make[1]: *** [cmTC_15813] Error 1
make[1]: Leaving directory '/home/ws/ws_rmrobot/build/rm_65_moveit_config/CMakeFiles/CMakeTmp'
Makefile:126: recipe for target 'cmTC_15813/fast' failed
make: *** [cmTC_15813/fast] Error 2

File /home/ws/ws_rmrobot/build/rm_65_moveit_config/CMakeFiles/CMakeTmp/CheckSymbolExists.c:
/* */
#include <pthread.h>

int main(int argc, char** argv)
{
  (void)argv;
#ifndef pthread_create
  return ((int*)(&pthread_create))[argc];
#else
  (void)argc;
  return 0;
#endif
}

Determining if the function pthread_create exists in the pthreads failed with the following output:
Change Dir: /home/ws/ws_rmrobot/build/rm_65_moveit_config/CMakeFiles/CMakeTmp

Run Build Command:"/usr/bin/make" "cmTC_5ec09/fast"
/usr/bin/make -f CMakeFiles/cmTC_5ec09.dir/build.make CMakeFiles/cmTC_5ec09.dir/build
make[1]: Entering directory '/home/ws/ws_rmrobot/build/rm_65_moveit_config/CMakeFiles/CMakeTmp'
Building C object CMakeFiles/cmTC_5ec09.dir/CheckFunctionExists.c.o
/usr/bin/cc   -DCHECK_FUNCTION_EXISTS=pthread_create   -o CMakeFiles/cmTC_5ec09.dir/CheckFunctionExists.c.o   -c /usr/share/cmake-3.10/Modules/CheckFunctionExists.c
Linking C executable cmTC_5ec09
/usr/bin/cmake -E cmake_link_script CMakeFiles/cmTC_5ec09.dir/link.txt --verbose=1
/usr/bin/cc  -DCHECK_FUNCTION_EXISTS=pthread_create    -rdynamic CMakeFiles/cmTC_5ec09.dir/CheckFunctionExists.c.o  -o cmTC_5ec09 -lpthreads 
/usr/bin/ld: cannot find -lpthreads
collect2: error: ld returned 1 exit status
CMakeFiles/cmTC_5ec09.dir/build.make:97: recipe for target 'cmTC_5ec09' failed
make[1]: *** [cmTC_5ec09] Error 1
make[1]: Leaving directory '/home/ws/ws_rmrobot/build/rm_65_moveit_config/CMakeFiles/CMakeTmp'
Makefile:126: recipe for target 'cmTC_5ec09/fast' failed
make: *** [cmTC_5ec09/fast] Error 2


