Determining if the pthread_create exist failed with the following output:
Change Dir: /home/ws/ws_rmrobot/build/easy_handeye_msgs/CMakeFiles/CMakeTmp

Run Build Command:"/usr/bin/make" "cmTC_45feb/fast"
/usr/bin/make -f CMakeFiles/cmTC_45feb.dir/build.make CMakeFiles/cmTC_45feb.dir/build
make[1]: Entering directory '/home/ws/ws_rmrobot/build/easy_handeye_msgs/CMakeFiles/CMakeTmp'
Building C object CMakeFiles/cmTC_45feb.dir/CheckSymbolExists.c.o
/usr/bin/cc    -o CMakeFiles/cmTC_45feb.dir/CheckSymbolExists.c.o   -c /home/ws/ws_rmrobot/build/easy_handeye_msgs/CMakeFiles/CMakeTmp/CheckSymbolExists.c
Linking C executable cmTC_45feb
/usr/bin/cmake -E cmake_link_script CMakeFiles/cmTC_45feb.dir/link.txt --verbose=1
/usr/bin/cc      -rdynamic CMakeFiles/cmTC_45feb.dir/CheckSymbolExists.c.o  -o cmTC_45feb 
CMakeFiles/cmTC_45feb.dir/CheckSymbolExists.c.o: In function `main':
CheckSymbolExists.c:(.text+0x1b): undefined reference to `pthread_create'
collect2: error: ld returned 1 exit status
CMakeFiles/cmTC_45feb.dir/build.make:97: recipe for target 'cmTC_45feb' failed
make[1]: *** [cmTC_45feb] Error 1
make[1]: Leaving directory '/home/ws/ws_rmrobot/build/easy_handeye_msgs/CMakeFiles/CMakeTmp'
Makefile:126: recipe for target 'cmTC_45feb/fast' failed
make: *** [cmTC_45feb/fast] Error 2

File /home/ws/ws_rmrobot/build/easy_handeye_msgs/CMakeFiles/CMakeTmp/CheckSymbolExists.c:
/* */
#include <pthread.h>

int main(int argc, char** argv)
{
  (void)argv;
#ifndef pthread_create
  return ((int*)(&pthread_create))[argc];
#else
  (void)argc;
  return 0;
#endif
}

Determining if the function pthread_create exists in the pthreads failed with the following output:
Change Dir: /home/ws/ws_rmrobot/build/easy_handeye_msgs/CMakeFiles/CMakeTmp

Run Build Command:"/usr/bin/make" "cmTC_e6afe/fast"
/usr/bin/make -f CMakeFiles/cmTC_e6afe.dir/build.make CMakeFiles/cmTC_e6afe.dir/build
make[1]: Entering directory '/home/ws/ws_rmrobot/build/easy_handeye_msgs/CMakeFiles/CMakeTmp'
Building C object CMakeFiles/cmTC_e6afe.dir/CheckFunctionExists.c.o
/usr/bin/cc   -DCHECK_FUNCTION_EXISTS=pthread_create   -o CMakeFiles/cmTC_e6afe.dir/CheckFunctionExists.c.o   -c /usr/share/cmake-3.10/Modules/CheckFunctionExists.c
Linking C executable cmTC_e6afe
/usr/bin/cmake -E cmake_link_script CMakeFiles/cmTC_e6afe.dir/link.txt --verbose=1
/usr/bin/cc  -DCHECK_FUNCTION_EXISTS=pthread_create    -rdynamic CMakeFiles/cmTC_e6afe.dir/CheckFunctionExists.c.o  -o cmTC_e6afe -lpthreads 
/usr/bin/ld: cannot find -lpthreads
collect2: error: ld returned 1 exit status
CMakeFiles/cmTC_e6afe.dir/build.make:97: recipe for target 'cmTC_e6afe' failed
make[1]: *** [cmTC_e6afe] Error 1
make[1]: Leaving directory '/home/ws/ws_rmrobot/build/easy_handeye_msgs/CMakeFiles/CMakeTmp'
Makefile:126: recipe for target 'cmTC_e6afe/fast' failed
make: *** [cmTC_e6afe/fast] Error 2


