Determining if the pthread_create exist failed with the following output:
Change Dir: /home/ws/ws_rmrobot/build/aruco_msgs/CMakeFiles/CMakeTmp

Run Build Command:"/usr/bin/make" "cmTC_6f2ac/fast"
/usr/bin/make -f CMakeFiles/cmTC_6f2ac.dir/build.make CMakeFiles/cmTC_6f2ac.dir/build
make[1]: Entering directory '/home/ws/ws_rmrobot/build/aruco_msgs/CMakeFiles/CMakeTmp'
Building C object CMakeFiles/cmTC_6f2ac.dir/CheckSymbolExists.c.o
/usr/bin/cc    -o CMakeFiles/cmTC_6f2ac.dir/CheckSymbolExists.c.o   -c /home/ws/ws_rmrobot/build/aruco_msgs/CMakeFiles/CMakeTmp/CheckSymbolExists.c
Linking C executable cmTC_6f2ac
/usr/bin/cmake -E cmake_link_script CMakeFiles/cmTC_6f2ac.dir/link.txt --verbose=1
/usr/bin/cc      -rdynamic CMakeFiles/cmTC_6f2ac.dir/CheckSymbolExists.c.o  -o cmTC_6f2ac 
CMakeFiles/cmTC_6f2ac.dir/CheckSymbolExists.c.o: In function `main':
CheckSymbolExists.c:(.text+0x1b): undefined reference to `pthread_create'
collect2: error: ld returned 1 exit status
CMakeFiles/cmTC_6f2ac.dir/build.make:97: recipe for target 'cmTC_6f2ac' failed
make[1]: *** [cmTC_6f2ac] Error 1
make[1]: Leaving directory '/home/ws/ws_rmrobot/build/aruco_msgs/CMakeFiles/CMakeTmp'
Makefile:126: recipe for target 'cmTC_6f2ac/fast' failed
make: *** [cmTC_6f2ac/fast] Error 2

File /home/ws/ws_rmrobot/build/aruco_msgs/CMakeFiles/CMakeTmp/CheckSymbolExists.c:
/* */
#include <pthread.h>

int main(int argc, char** argv)
{
  (void)argv;
#ifndef pthread_create
  return ((int*)(&pthread_create))[argc];
#else
  (void)argc;
  return 0;
#endif
}

Determining if the function pthread_create exists in the pthreads failed with the following output:
Change Dir: /home/ws/ws_rmrobot/build/aruco_msgs/CMakeFiles/CMakeTmp

Run Build Command:"/usr/bin/make" "cmTC_d1d20/fast"
/usr/bin/make -f CMakeFiles/cmTC_d1d20.dir/build.make CMakeFiles/cmTC_d1d20.dir/build
make[1]: Entering directory '/home/ws/ws_rmrobot/build/aruco_msgs/CMakeFiles/CMakeTmp'
Building C object CMakeFiles/cmTC_d1d20.dir/CheckFunctionExists.c.o
/usr/bin/cc   -DCHECK_FUNCTION_EXISTS=pthread_create   -o CMakeFiles/cmTC_d1d20.dir/CheckFunctionExists.c.o   -c /usr/share/cmake-3.10/Modules/CheckFunctionExists.c
Linking C executable cmTC_d1d20
/usr/bin/cmake -E cmake_link_script CMakeFiles/cmTC_d1d20.dir/link.txt --verbose=1
/usr/bin/cc  -DCHECK_FUNCTION_EXISTS=pthread_create    -rdynamic CMakeFiles/cmTC_d1d20.dir/CheckFunctionExists.c.o  -o cmTC_d1d20 -lpthreads 
/usr/bin/ld: cannot find -lpthreads
collect2: error: ld returned 1 exit status
CMakeFiles/cmTC_d1d20.dir/build.make:97: recipe for target 'cmTC_d1d20' failed
make[1]: *** [cmTC_d1d20] Error 1
make[1]: Leaving directory '/home/ws/ws_rmrobot/build/aruco_msgs/CMakeFiles/CMakeTmp'
Makefile:126: recipe for target 'cmTC_d1d20/fast' failed
make: *** [cmTC_d1d20/fast] Error 2


