[35m[1mScanning dependencies of target api_ChangeWorkFrame_demo[0m
[35m[1mScanning dependencies of target api_Get_Arm_State_demo[0m
[35m[1mScanning dependencies of target api_moveJ_demo[0m
[35m[1mScanning dependencies of target planning_scene_ros_api_demo[0m
[35m[1mScanning dependencies of target api_teach_demo[0m
[35m[1mScanning dependencies of target api_moveL_demo[0m
[35m[1mScanning dependencies of target api_ChangeToolName_demo[0m
[35m[1mScanning dependencies of target pick_place_demo[0m
[35m[1mScanning dependencies of target test_api_movel[0m
[35m[1mScanning dependencies of target api_moveJ_P_demo[0m
[  5%] [32mBuilding CXX object CMakeFiles/api_moveJ_demo.dir/src/api_moveJ_demo.cpp.o[0m
[ 10%] [32mBuilding CXX object CMakeFiles/api_moveL_demo.dir/src/api_moveL_demo.cpp.o[0m
[ 15%] [32mBuilding CXX object CMakeFiles/api_Get_Arm_State_demo.dir/src/api_Get_Arm_State_demo.cpp.o[0m
[ 20%] [32mBuilding CXX object CMakeFiles/api_teach_demo.dir/src/api_teach_demo.cpp.o[0m
[ 25%] [32mBuilding CXX object CMakeFiles/api_ChangeWorkFrame_demo.dir/src/api_ChangeWorkFrame_demo.cpp.o[0m
[ 30%] [32mBuilding CXX object CMakeFiles/api_ChangeToolName_demo.dir/src/api_ChangeToolName_demo.cpp.o[0m
[ 35%] [32mBuilding CXX object CMakeFiles/api_moveJ_P_demo.dir/src/api_moveJ_P_demo.cpp.o[0m
[ 40%] [32mBuilding CXX object CMakeFiles/pick_place_demo.dir/src/pick_place_demo.cpp.o[0m
[ 45%] [32mBuilding CXX object CMakeFiles/test_api_movel.dir/src/test_api_movel.cpp.o[0m
[ 50%] [32mBuilding CXX object CMakeFiles/planning_scene_ros_api_demo.dir/src/planning_scene_ros_api_demo.cpp.o[0m
[ 55%] [32m[1mLinking CXX executable /home/ws/ws_rmrobot/devel/.private/rm_65_demo/lib/rm_65_demo/api_teach_demo[0m
[ 60%] [32m[1mLinking CXX executable /home/ws/ws_rmrobot/devel/.private/rm_65_demo/lib/rm_65_demo/api_ChangeToolName_demo[0m
[ 65%] [32m[1mLinking CXX executable /home/ws/ws_rmrobot/devel/.private/rm_65_demo/lib/rm_65_demo/api_moveJ_demo[0m
[ 70%] [32m[1mLinking CXX executable /home/ws/ws_rmrobot/devel/.private/rm_65_demo/lib/rm_65_demo/api_ChangeWorkFrame_demo[0m
[ 75%] [32m[1mLinking CXX executable /home/ws/ws_rmrobot/devel/.private/rm_65_demo/lib/rm_65_demo/api_Get_Arm_State_demo[0m
[ 80%] [32m[1mLinking CXX executable /home/ws/ws_rmrobot/devel/.private/rm_65_demo/lib/rm_65_demo/api_moveJ_P_demo[0m
[ 85%] [32m[1mLinking CXX executable /home/ws/ws_rmrobot/devel/.private/rm_65_demo/lib/rm_65_demo/api_moveL_demo[0m
[ 85%] Built target api_ChangeToolName_demo
[ 85%] Built target api_teach_demo
[ 85%] Built target api_Get_Arm_State_demo
[ 85%] Built target api_moveJ_demo
[ 85%] Built target api_ChangeWorkFrame_demo
[ 85%] Built target api_moveJ_P_demo
[ 85%] Built target api_moveL_demo
[ 90%] [32m[1mLinking CXX executable /home/ws/ws_rmrobot/devel/.private/rm_65_demo/lib/rm_65_demo/test_api_movel[0m
[ 95%] [32m[1mLinking CXX executable /home/ws/ws_rmrobot/devel/.private/rm_65_demo/lib/rm_65_demo/pick_place_demo[0m
[ 95%] Built target test_api_movel
[ 95%] Built target pick_place_demo
[100%] [32m[1mLinking CXX executable /home/ws/ws_rmrobot/devel/.private/rm_65_demo/lib/rm_65_demo/planning_scene_ros_api_demo[0m
[100%] Built target planning_scene_ros_api_demo
