Determining if the pthread_create exist failed with the following output:
Change Dir: /home/ws/ws_rmrobot/build/realsense2_camera/CMakeFiles/CMakeTmp

Run Build Command:"/usr/bin/make" "cmTC_bf168/fast"
/usr/bin/make -f CMakeFiles/cmTC_bf168.dir/build.make CMakeFiles/cmTC_bf168.dir/build
make[1]: Entering directory '/home/ws/ws_rmrobot/build/realsense2_camera/CMakeFiles/CMakeTmp'
Building C object CMakeFiles/cmTC_bf168.dir/CheckSymbolExists.c.o
/usr/bin/cc    -o CMakeFiles/cmTC_bf168.dir/CheckSymbolExists.c.o   -c /home/ws/ws_rmrobot/build/realsense2_camera/CMakeFiles/CMakeTmp/CheckSymbolExists.c
Linking C executable cmTC_bf168
/usr/bin/cmake -E cmake_link_script CMakeFiles/cmTC_bf168.dir/link.txt --verbose=1
/usr/bin/cc      -rdynamic CMakeFiles/cmTC_bf168.dir/CheckSymbolExists.c.o  -o cmTC_bf168 
CMakeFiles/cmTC_bf168.dir/CheckSymbolExists.c.o: In function `main':
CheckSymbolExists.c:(.text+0x1b): undefined reference to `pthread_create'
collect2: error: ld returned 1 exit status
CMakeFiles/cmTC_bf168.dir/build.make:97: recipe for target 'cmTC_bf168' failed
make[1]: *** [cmTC_bf168] Error 1
make[1]: Leaving directory '/home/ws/ws_rmrobot/build/realsense2_camera/CMakeFiles/CMakeTmp'
Makefile:126: recipe for target 'cmTC_bf168/fast' failed
make: *** [cmTC_bf168/fast] Error 2

File /home/ws/ws_rmrobot/build/realsense2_camera/CMakeFiles/CMakeTmp/CheckSymbolExists.c:
/* */
#include <pthread.h>

int main(int argc, char** argv)
{
  (void)argv;
#ifndef pthread_create
  return ((int*)(&pthread_create))[argc];
#else
  (void)argc;
  return 0;
#endif
}

Determining if the function pthread_create exists in the pthreads failed with the following output:
Change Dir: /home/ws/ws_rmrobot/build/realsense2_camera/CMakeFiles/CMakeTmp

Run Build Command:"/usr/bin/make" "cmTC_cd47a/fast"
/usr/bin/make -f CMakeFiles/cmTC_cd47a.dir/build.make CMakeFiles/cmTC_cd47a.dir/build
make[1]: Entering directory '/home/ws/ws_rmrobot/build/realsense2_camera/CMakeFiles/CMakeTmp'
Building C object CMakeFiles/cmTC_cd47a.dir/CheckFunctionExists.c.o
/usr/bin/cc   -DCHECK_FUNCTION_EXISTS=pthread_create   -o CMakeFiles/cmTC_cd47a.dir/CheckFunctionExists.c.o   -c /usr/share/cmake-3.10/Modules/CheckFunctionExists.c
Linking C executable cmTC_cd47a
/usr/bin/cmake -E cmake_link_script CMakeFiles/cmTC_cd47a.dir/link.txt --verbose=1
/usr/bin/cc  -DCHECK_FUNCTION_EXISTS=pthread_create    -rdynamic CMakeFiles/cmTC_cd47a.dir/CheckFunctionExists.c.o  -o cmTC_cd47a -lpthreads 
/usr/bin/ld: cannot find -lpthreads
collect2: error: ld returned 1 exit status
CMakeFiles/cmTC_cd47a.dir/build.make:97: recipe for target 'cmTC_cd47a' failed
make[1]: *** [cmTC_cd47a] Error 1
make[1]: Leaving directory '/home/ws/ws_rmrobot/build/realsense2_camera/CMakeFiles/CMakeTmp'
Makefile:126: recipe for target 'cmTC_cd47a/fast' failed
make: *** [cmTC_cd47a/fast] Error 2


