Determining if the pthread_create exist failed with the following output:
Change Dir: /home/ws/ws_rmrobot/build/rqt_easy_handeye/CMakeFiles/CMakeTmp

Run Build Command:"/usr/bin/make" "cmTC_e7bfa/fast"
/usr/bin/make -f CMakeFiles/cmTC_e7bfa.dir/build.make CMakeFiles/cmTC_e7bfa.dir/build
make[1]: Entering directory '/home/ws/ws_rmrobot/build/rqt_easy_handeye/CMakeFiles/CMakeTmp'
Building C object CMakeFiles/cmTC_e7bfa.dir/CheckSymbolExists.c.o
/usr/bin/cc    -o CMakeFiles/cmTC_e7bfa.dir/CheckSymbolExists.c.o   -c /home/ws/ws_rmrobot/build/rqt_easy_handeye/CMakeFiles/CMakeTmp/CheckSymbolExists.c
Linking C executable cmTC_e7bfa
/usr/bin/cmake -E cmake_link_script CMakeFiles/cmTC_e7bfa.dir/link.txt --verbose=1
/usr/bin/cc      -rdynamic CMakeFiles/cmTC_e7bfa.dir/CheckSymbolExists.c.o  -o cmTC_e7bfa 
CMakeFiles/cmTC_e7bfa.dir/CheckSymbolExists.c.o: In function `main':
CheckSymbolExists.c:(.text+0x1b): undefined reference to `pthread_create'
collect2: error: ld returned 1 exit status
CMakeFiles/cmTC_e7bfa.dir/build.make:97: recipe for target 'cmTC_e7bfa' failed
make[1]: *** [cmTC_e7bfa] Error 1
make[1]: Leaving directory '/home/ws/ws_rmrobot/build/rqt_easy_handeye/CMakeFiles/CMakeTmp'
Makefile:126: recipe for target 'cmTC_e7bfa/fast' failed
make: *** [cmTC_e7bfa/fast] Error 2

File /home/ws/ws_rmrobot/build/rqt_easy_handeye/CMakeFiles/CMakeTmp/CheckSymbolExists.c:
/* */
#include <pthread.h>

int main(int argc, char** argv)
{
  (void)argv;
#ifndef pthread_create
  return ((int*)(&pthread_create))[argc];
#else
  (void)argc;
  return 0;
#endif
}

Determining if the function pthread_create exists in the pthreads failed with the following output:
Change Dir: /home/ws/ws_rmrobot/build/rqt_easy_handeye/CMakeFiles/CMakeTmp

Run Build Command:"/usr/bin/make" "cmTC_b3b58/fast"
/usr/bin/make -f CMakeFiles/cmTC_b3b58.dir/build.make CMakeFiles/cmTC_b3b58.dir/build
make[1]: Entering directory '/home/ws/ws_rmrobot/build/rqt_easy_handeye/CMakeFiles/CMakeTmp'
Building C object CMakeFiles/cmTC_b3b58.dir/CheckFunctionExists.c.o
/usr/bin/cc   -DCHECK_FUNCTION_EXISTS=pthread_create   -o CMakeFiles/cmTC_b3b58.dir/CheckFunctionExists.c.o   -c /usr/share/cmake-3.10/Modules/CheckFunctionExists.c
Linking C executable cmTC_b3b58
/usr/bin/cmake -E cmake_link_script CMakeFiles/cmTC_b3b58.dir/link.txt --verbose=1
/usr/bin/cc  -DCHECK_FUNCTION_EXISTS=pthread_create    -rdynamic CMakeFiles/cmTC_b3b58.dir/CheckFunctionExists.c.o  -o cmTC_b3b58 -lpthreads 
/usr/bin/ld: cannot find -lpthreads
collect2: error: ld returned 1 exit status
CMakeFiles/cmTC_b3b58.dir/build.make:97: recipe for target 'cmTC_b3b58' failed
make[1]: *** [cmTC_b3b58] Error 1
make[1]: Leaving directory '/home/ws/ws_rmrobot/build/rqt_easy_handeye/CMakeFiles/CMakeTmp'
Makefile:126: recipe for target 'cmTC_b3b58/fast' failed
make: *** [cmTC_b3b58/fast] Error 2


