In file included from [01m[K/opt/ros/melodic/include/librealsense2/hpp/rs_sensor.hpp:8:0[m[K,
                 from [01m[K/opt/ros/melodic/include/librealsense2/hpp/rs_device.hpp:8[m[K,
                 from [01m[K/opt/ros/melodic/include/librealsense2/hpp/rs_record_playback.hpp:8[m[K,
                 from [01m[K/opt/ros/melodic/include/librealsense2/hpp/rs_context.hpp:8[m[K,
                 from [01m[K/opt/ros/melodic/include/librealsense2/rs.hpp:9[m[K,
                 from [01m[K/home/ws/ws_rmrobot/src/realsense-ros/realsense2_camera/include/realsense2_camera/realsense_node_factory.h:12[m[K,
                 from [01m[K/home/ws/ws_rmrobot/src/realsense-ros/realsense2_camera/src/realsense_node_factory.cpp:4[m[K:
[01m[K/opt/ros/melodic/include/librealsense2/hpp/rs_frame.hpp:[m[K In lambda function:
[01m[K/opt/ros/melodic/include/librealsense2/hpp/rs_frame.hpp:1047:58:[m[K [01;35m[Kwarning: [m[Kcomparison between signed and unsigned integer expressions [[01;35m[K-Wsign-compare[m[K]
                         [01;35m[Kfrm.get_profile().stream_index() == index[m[K) f = frm;
                         [01;35m[K~~~~~~~~~~~~~~~~~~~~~~~~~~~~~~~~~^~~~~~~~[m[K
In file included from [01m[K/opt/ros/melodic/include/librealsense2/hpp/rs_sensor.hpp:8:0[m[K,
                 from [01m[K/opt/ros/melodic/include/librealsense2/hpp/rs_device.hpp:8[m[K,
                 from [01m[K/opt/ros/melodic/include/librealsense2/hpp/rs_record_playback.hpp:8[m[K,
                 from [01m[K/opt/ros/melodic/include/librealsense2/hpp/rs_context.hpp:8[m[K,
                 from [01m[K/opt/ros/melodic/include/librealsense2/rs.hpp:9[m[K,
                 from [01m[K/home/ws/ws_rmrobot/src/realsense-ros/realsense2_camera/include/realsense2_camera/realsense_node_factory.h:12[m[K,
                 from [01m[K/home/ws/ws_rmrobot/src/realsense-ros/realsense2_camera/include/realsense2_camera/base_realsense_node.h:6[m[K,
                 from [01m[K/home/ws/ws_rmrobot/src/realsense-ros/realsense2_camera/include/realsense2_camera/t265_realsense_node.h:3[m[K,
                 from [01m[K/home/ws/ws_rmrobot/src/realsense-ros/realsense2_camera/src/t265_realsense_node.cpp:1[m[K:
[01m[K/opt/ros/melodic/include/librealsense2/hpp/rs_frame.hpp:[m[K In lambda function:
[01m[K/opt/ros/melodic/include/librealsense2/hpp/rs_frame.hpp:1047:58:[m[K [01;35m[Kwarning: [m[Kcomparison between signed and unsigned integer expressions [[01;35m[K-Wsign-compare[m[K]
                         [01;35m[Kfrm.get_profile().stream_index() == index[m[K) f = frm;
                         [01;35m[K~~~~~~~~~~~~~~~~~~~~~~~~~~~~~~~~~^~~~~~~~[m[K
[01m[K/opt/ros/melodic/include/librealsense2/hpp/rs_frame.hpp:[m[K In lambda function:
[01m[K/opt/ros/melodic/include/librealsense2/hpp/rs_frame.hpp:1069:58:[m[K [01;35m[Kwarning: [m[Kcomparison between signed and unsigned integer expressions [[01;35m[K-Wsign-compare[m[K]
                         [01;35m[Kfrm.get_profile().stream_index() == index[m[K) f = frm;
                         [01;35m[K~~~~~~~~~~~~~~~~~~~~~~~~~~~~~~~~~^~~~~~~~[m[K
[01m[K/opt/ros/melodic/include/librealsense2/hpp/rs_frame.hpp:[m[K In lambda function:
[01m[K/opt/ros/melodic/include/librealsense2/hpp/rs_frame.hpp:1091:58:[m[K [01;35m[Kwarning: [m[Kcomparison between signed and unsigned integer expressions [[01;35m[K-Wsign-compare[m[K]
                         [01;35m[Kfrm.get_profile().stream_index() == index[m[K) f = frm;
                         [01;35m[K~~~~~~~~~~~~~~~~~~~~~~~~~~~~~~~~~^~~~~~~~[m[K
[01m[K/opt/ros/melodic/include/librealsense2/hpp/rs_frame.hpp:[m[K In lambda function:
[01m[K/opt/ros/melodic/include/librealsense2/hpp/rs_frame.hpp:1069:58:[m[K [01;35m[Kwarning: [m[Kcomparison between signed and unsigned integer expressions [[01;35m[K-Wsign-compare[m[K]
                         [01;35m[Kfrm.get_profile().stream_index() == index[m[K) f = frm;
                         [01;35m[K~~~~~~~~~~~~~~~~~~~~~~~~~~~~~~~~~^~~~~~~~[m[K
[01m[K/opt/ros/melodic/include/librealsense2/hpp/rs_frame.hpp:[m[K In lambda function:
[01m[K/opt/ros/melodic/include/librealsense2/hpp/rs_frame.hpp:1091:58:[m[K [01;35m[Kwarning: [m[Kcomparison between signed and unsigned integer expressions [[01;35m[K-Wsign-compare[m[K]
                         [01;35m[Kfrm.get_profile().stream_index() == index[m[K) f = frm;
                         [01;35m[K~~~~~~~~~~~~~~~~~~~~~~~~~~~~~~~~~^~~~~~~~[m[K
In file included from [01m[K/opt/ros/melodic/include/librealsense2/hpp/rs_sensor.hpp:8:0[m[K,
                 from [01m[K/opt/ros/melodic/include/librealsense2/hpp/rs_device.hpp:8[m[K,
                 from [01m[K/opt/ros/melodic/include/librealsense2/hpp/rs_record_playback.hpp:8[m[K,
                 from [01m[K/opt/ros/melodic/include/librealsense2/hpp/rs_context.hpp:8[m[K,
                 from [01m[K/opt/ros/melodic/include/librealsense2/rs.hpp:9[m[K,
                 from [01m[K/home/ws/ws_rmrobot/src/realsense-ros/realsense2_camera/include/realsense2_camera/realsense_node_factory.h:12[m[K,
                 from [01m[K/home/ws/ws_rmrobot/src/realsense-ros/realsense2_camera/include/realsense2_camera/base_realsense_node.h:6[m[K,
                 from [01m[K/home/ws/ws_rmrobot/src/realsense-ros/realsense2_camera/src/base_realsense_node.cpp:1[m[K:
[01m[K/opt/ros/melodic/include/librealsense2/hpp/rs_frame.hpp:[m[K In lambda function:
[01m[K/opt/ros/melodic/include/librealsense2/hpp/rs_frame.hpp:1047:58:[m[K [01;35m[Kwarning: [m[Kcomparison between signed and unsigned integer expressions [[01;35m[K-Wsign-compare[m[K]
                         [01;35m[Kfrm.get_profile().stream_index() == index[m[K) f = frm;
                         [01;35m[K~~~~~~~~~~~~~~~~~~~~~~~~~~~~~~~~~^~~~~~~~[m[K
[01m[K/opt/ros/melodic/include/librealsense2/hpp/rs_frame.hpp:[m[K In lambda function:
[01m[K/opt/ros/melodic/include/librealsense2/hpp/rs_frame.hpp:1069:58:[m[K [01;35m[Kwarning: [m[Kcomparison between signed and unsigned integer expressions [[01;35m[K-Wsign-compare[m[K]
                         [01;35m[Kfrm.get_profile().stream_index() == index[m[K) f = frm;
                         [01;35m[K~~~~~~~~~~~~~~~~~~~~~~~~~~~~~~~~~^~~~~~~~[m[K
[01m[K/opt/ros/melodic/include/librealsense2/hpp/rs_frame.hpp:[m[K In lambda function:
[01m[K/opt/ros/melodic/include/librealsense2/hpp/rs_frame.hpp:1091:58:[m[K [01;35m[Kwarning: [m[Kcomparison between signed and unsigned integer expressions [[01;35m[K-Wsign-compare[m[K]
                         [01;35m[Kfrm.get_profile().stream_index() == index[m[K) f = frm;
                         [01;35m[K~~~~~~~~~~~~~~~~~~~~~~~~~~~~~~~~~^~~~~~~~[m[K
