Determining if the pthread_create exist failed with the following output:
Change Dir: /home/ws/ws_rmrobot/build/rm_65_description/CMakeFiles/CMakeTmp

Run Build Command:"/usr/bin/make" "cmTC_ccd5b/fast"
/usr/bin/make -f CMakeFiles/cmTC_ccd5b.dir/build.make CMakeFiles/cmTC_ccd5b.dir/build
make[1]: Entering directory '/home/ws/ws_rmrobot/build/rm_65_description/CMakeFiles/CMakeTmp'
Building C object CMakeFiles/cmTC_ccd5b.dir/CheckSymbolExists.c.o
/usr/bin/cc    -o CMakeFiles/cmTC_ccd5b.dir/CheckSymbolExists.c.o   -c /home/ws/ws_rmrobot/build/rm_65_description/CMakeFiles/CMakeTmp/CheckSymbolExists.c
Linking C executable cmTC_ccd5b
/usr/bin/cmake -E cmake_link_script CMakeFiles/cmTC_ccd5b.dir/link.txt --verbose=1
/usr/bin/cc      -rdynamic CMakeFiles/cmTC_ccd5b.dir/CheckSymbolExists.c.o  -o cmTC_ccd5b 
CMakeFiles/cmTC_ccd5b.dir/CheckSymbolExists.c.o: In function `main':
CheckSymbolExists.c:(.text+0x1b): undefined reference to `pthread_create'
collect2: error: ld returned 1 exit status
CMakeFiles/cmTC_ccd5b.dir/build.make:97: recipe for target 'cmTC_ccd5b' failed
make[1]: *** [cmTC_ccd5b] Error 1
make[1]: Leaving directory '/home/ws/ws_rmrobot/build/rm_65_description/CMakeFiles/CMakeTmp'
Makefile:126: recipe for target 'cmTC_ccd5b/fast' failed
make: *** [cmTC_ccd5b/fast] Error 2

File /home/ws/ws_rmrobot/build/rm_65_description/CMakeFiles/CMakeTmp/CheckSymbolExists.c:
/* */
#include <pthread.h>

int main(int argc, char** argv)
{
  (void)argv;
#ifndef pthread_create
  return ((int*)(&pthread_create))[argc];
#else
  (void)argc;
  return 0;
#endif
}

Determining if the function pthread_create exists in the pthreads failed with the following output:
Change Dir: /home/ws/ws_rmrobot/build/rm_65_description/CMakeFiles/CMakeTmp

Run Build Command:"/usr/bin/make" "cmTC_71abb/fast"
/usr/bin/make -f CMakeFiles/cmTC_71abb.dir/build.make CMakeFiles/cmTC_71abb.dir/build
make[1]: Entering directory '/home/ws/ws_rmrobot/build/rm_65_description/CMakeFiles/CMakeTmp'
Building C object CMakeFiles/cmTC_71abb.dir/CheckFunctionExists.c.o
/usr/bin/cc   -DCHECK_FUNCTION_EXISTS=pthread_create   -o CMakeFiles/cmTC_71abb.dir/CheckFunctionExists.c.o   -c /usr/share/cmake-3.10/Modules/CheckFunctionExists.c
Linking C executable cmTC_71abb
/usr/bin/cmake -E cmake_link_script CMakeFiles/cmTC_71abb.dir/link.txt --verbose=1
/usr/bin/cc  -DCHECK_FUNCTION_EXISTS=pthread_create    -rdynamic CMakeFiles/cmTC_71abb.dir/CheckFunctionExists.c.o  -o cmTC_71abb -lpthreads 
/usr/bin/ld: cannot find -lpthreads
collect2: error: ld returned 1 exit status
CMakeFiles/cmTC_71abb.dir/build.make:97: recipe for target 'cmTC_71abb' failed
make[1]: *** [cmTC_71abb] Error 1
make[1]: Leaving directory '/home/ws/ws_rmrobot/build/rm_65_description/CMakeFiles/CMakeTmp'
Makefile:126: recipe for target 'cmTC_71abb/fast' failed
make: *** [cmTC_71abb/fast] Error 2


