Determining if the pthread_create exist failed with the following output:
Change Dir: /home/ws/ws_rmrobot/build/ddynamic_reconfigure/CMakeFiles/CMakeTmp

Run Build Command:"/usr/bin/make" "cmTC_29b01/fast"
/usr/bin/make -f CMakeFiles/cmTC_29b01.dir/build.make CMakeFiles/cmTC_29b01.dir/build
make[1]: Entering directory '/home/ws/ws_rmrobot/build/ddynamic_reconfigure/CMakeFiles/CMakeTmp'
Building C object CMakeFiles/cmTC_29b01.dir/CheckSymbolExists.c.o
/usr/bin/cc    -o CMakeFiles/cmTC_29b01.dir/CheckSymbolExists.c.o   -c /home/ws/ws_rmrobot/build/ddynamic_reconfigure/CMakeFiles/CMakeTmp/CheckSymbolExists.c
Linking C executable cmTC_29b01
/usr/bin/cmake -E cmake_link_script CMakeFiles/cmTC_29b01.dir/link.txt --verbose=1
/usr/bin/cc      -rdynamic CMakeFiles/cmTC_29b01.dir/CheckSymbolExists.c.o  -o cmTC_29b01 
CMakeFiles/cmTC_29b01.dir/CheckSymbolExists.c.o: In function `main':
CheckSymbolExists.c:(.text+0x1b): undefined reference to `pthread_create'
collect2: error: ld returned 1 exit status
CMakeFiles/cmTC_29b01.dir/build.make:97: recipe for target 'cmTC_29b01' failed
make[1]: *** [cmTC_29b01] Error 1
make[1]: Leaving directory '/home/ws/ws_rmrobot/build/ddynamic_reconfigure/CMakeFiles/CMakeTmp'
Makefile:126: recipe for target 'cmTC_29b01/fast' failed
make: *** [cmTC_29b01/fast] Error 2

File /home/ws/ws_rmrobot/build/ddynamic_reconfigure/CMakeFiles/CMakeTmp/CheckSymbolExists.c:
/* */
#include <pthread.h>

int main(int argc, char** argv)
{
  (void)argv;
#ifndef pthread_create
  return ((int*)(&pthread_create))[argc];
#else
  (void)argc;
  return 0;
#endif
}

Determining if the function pthread_create exists in the pthreads failed with the following output:
Change Dir: /home/ws/ws_rmrobot/build/ddynamic_reconfigure/CMakeFiles/CMakeTmp

Run Build Command:"/usr/bin/make" "cmTC_68148/fast"
/usr/bin/make -f CMakeFiles/cmTC_68148.dir/build.make CMakeFiles/cmTC_68148.dir/build
make[1]: Entering directory '/home/ws/ws_rmrobot/build/ddynamic_reconfigure/CMakeFiles/CMakeTmp'
Building C object CMakeFiles/cmTC_68148.dir/CheckFunctionExists.c.o
/usr/bin/cc   -DCHECK_FUNCTION_EXISTS=pthread_create   -o CMakeFiles/cmTC_68148.dir/CheckFunctionExists.c.o   -c /usr/share/cmake-3.10/Modules/CheckFunctionExists.c
Linking C executable cmTC_68148
/usr/bin/cmake -E cmake_link_script CMakeFiles/cmTC_68148.dir/link.txt --verbose=1
/usr/bin/cc  -DCHECK_FUNCTION_EXISTS=pthread_create    -rdynamic CMakeFiles/cmTC_68148.dir/CheckFunctionExists.c.o  -o cmTC_68148 -lpthreads 
/usr/bin/ld: cannot find -lpthreads
collect2: error: ld returned 1 exit status
CMakeFiles/cmTC_68148.dir/build.make:97: recipe for target 'cmTC_68148' failed
make[1]: *** [cmTC_68148] Error 1
make[1]: Leaving directory '/home/ws/ws_rmrobot/build/ddynamic_reconfigure/CMakeFiles/CMakeTmp'
Makefile:126: recipe for target 'cmTC_68148/fast' failed
make: *** [cmTC_68148/fast] Error 2


