Determining if the pthread_create exist failed with the following output:
Change Dir: /home/ws/ws_rmrobot/build/rm_visual_demo/CMakeFiles/CMakeTmp

Run Build Command:"/usr/bin/make" "cmTC_fdd2f/fast"
/usr/bin/make -f CMakeFiles/cmTC_fdd2f.dir/build.make CMakeFiles/cmTC_fdd2f.dir/build
make[1]: Entering directory '/home/ws/ws_rmrobot/build/rm_visual_demo/CMakeFiles/CMakeTmp'
Building C object CMakeFiles/cmTC_fdd2f.dir/CheckSymbolExists.c.o
/usr/bin/cc    -o CMakeFiles/cmTC_fdd2f.dir/CheckSymbolExists.c.o   -c /home/ws/ws_rmrobot/build/rm_visual_demo/CMakeFiles/CMakeTmp/CheckSymbolExists.c
Linking C executable cmTC_fdd2f
/usr/bin/cmake -E cmake_link_script CMakeFiles/cmTC_fdd2f.dir/link.txt --verbose=1
/usr/bin/cc      -rdynamic CMakeFiles/cmTC_fdd2f.dir/CheckSymbolExists.c.o  -o cmTC_fdd2f 
CMakeFiles/cmTC_fdd2f.dir/CheckSymbolExists.c.o: In function `main':
CheckSymbolExists.c:(.text+0x1b): undefined reference to `pthread_create'
collect2: error: ld returned 1 exit status
CMakeFiles/cmTC_fdd2f.dir/build.make:97: recipe for target 'cmTC_fdd2f' failed
make[1]: *** [cmTC_fdd2f] Error 1
make[1]: Leaving directory '/home/ws/ws_rmrobot/build/rm_visual_demo/CMakeFiles/CMakeTmp'
Makefile:126: recipe for target 'cmTC_fdd2f/fast' failed
make: *** [cmTC_fdd2f/fast] Error 2

File /home/ws/ws_rmrobot/build/rm_visual_demo/CMakeFiles/CMakeTmp/CheckSymbolExists.c:
/* */
#include <pthread.h>

int main(int argc, char** argv)
{
  (void)argv;
#ifndef pthread_create
  return ((int*)(&pthread_create))[argc];
#else
  (void)argc;
  return 0;
#endif
}

Determining if the function pthread_create exists in the pthreads failed with the following output:
Change Dir: /home/ws/ws_rmrobot/build/rm_visual_demo/CMakeFiles/CMakeTmp

Run Build Command:"/usr/bin/make" "cmTC_28045/fast"
/usr/bin/make -f CMakeFiles/cmTC_28045.dir/build.make CMakeFiles/cmTC_28045.dir/build
make[1]: Entering directory '/home/ws/ws_rmrobot/build/rm_visual_demo/CMakeFiles/CMakeTmp'
Building C object CMakeFiles/cmTC_28045.dir/CheckFunctionExists.c.o
/usr/bin/cc   -DCHECK_FUNCTION_EXISTS=pthread_create   -o CMakeFiles/cmTC_28045.dir/CheckFunctionExists.c.o   -c /usr/share/cmake-3.10/Modules/CheckFunctionExists.c
Linking C executable cmTC_28045
/usr/bin/cmake -E cmake_link_script CMakeFiles/cmTC_28045.dir/link.txt --verbose=1
/usr/bin/cc  -DCHECK_FUNCTION_EXISTS=pthread_create    -rdynamic CMakeFiles/cmTC_28045.dir/CheckFunctionExists.c.o  -o cmTC_28045 -lpthreads 
/usr/bin/ld: cannot find -lpthreads
collect2: error: ld returned 1 exit status
CMakeFiles/cmTC_28045.dir/build.make:97: recipe for target 'cmTC_28045' failed
make[1]: *** [cmTC_28045] Error 1
make[1]: Leaving directory '/home/ws/ws_rmrobot/build/rm_visual_demo/CMakeFiles/CMakeTmp'
Makefile:126: recipe for target 'cmTC_28045/fast' failed
make: *** [cmTC_28045/fast] Error 2


